<?xml version="1.0" encoding="UTF-8"?>
<!-- Generated by org.testng.reporters.JUnitReportReporter -->
<testsuite hostname="DESKTOP-0MLUF3G" name="com.myEcom.testcases.IndexPageTest" tests="1" failures="0" timestamp="14 Sep 2022 10:41:47 GMT" time="44.279" errors="0">
  <testcase name="validateTitleOfPage" time="44.279" classname="com.myEcom.testcases.IndexPageTest"/>
</testsuite> <!-- com.myEcom.testcases.IndexPageTest -->
