<?xml version="1.0" encoding="UTF-8"?>
<!-- Generated by org.testng.reporters.JUnitReportReporter -->
<testsuite hostname="DESKTOP-0MLUF3G" name="com.myEcom.testcases.SignInPageTest" tests="1" failures="0" timestamp="16 Sep 2022 14:22:01 GMT" time="45.829" errors="0">
  <testcase name="login" time="45.829" classname="com.myEcom.testcases.SignInPageTest"/>
</testsuite> <!-- com.myEcom.testcases.SignInPageTest -->
