<?xml version="1.0" encoding="UTF-8"?>
<!-- Generated by org.testng.reporters.JUnitReportReporter -->
<testsuite hostname="DESKTOP-0MLUF3G" name="com.myEcom.testcases.IndexPageTest" tests="5" failures="0" timestamp="16 Sep 2022 14:17:24 GMT" time="161.852" errors="0">
  <testcase name="validatePageHeading" time="40.123" classname="com.myEcom.testcases.IndexPageTest"/>
  <testcase name="validateTitleOfPage" time="27.328" classname="com.myEcom.testcases.IndexPageTest"/>
  <testcase name="validateLogo" time="27.271" classname="com.myEcom.testcases.IndexPageTest"/>
  <testcase name="validateclickOnSignInButton" time="38.511" classname="com.myEcom.testcases.IndexPageTest"/>
  <testcase name="validateSendKeysToSearchBox" time="28.619" classname="com.myEcom.testcases.IndexPageTest"/>
</testsuite> <!-- com.myEcom.testcases.IndexPageTest -->
